
ROM used:   158/8192 (2%)
            158/8192 (2%) including unused fragments

            0.2 Average locations per line
            7.2 Average locations per statement

RAM used:   11/368 (3%) at main() level
            13/368 (4%) worst case

Stack used: 0 worst case (0 in main + 0 for interrupts)
Stack size: 8

Lines Stmts  %   Files
----- ----- ---  -----
   44    22 100  main.c
  661     0   0  ..\..\..\..\..\..\Program Files (x86)\PICC\Devices\16f877a.h
----- -----
  705    22 Total

Page ROM  %  RAM   Vol Diff  Functions:
---- --- --- ---   --- ----  ----------
0     20  13    1             @delay_ms1
0     14   9    0             @const623
0     99  63    1   562  6.2  main
0     21  13    3             @DIV88
 Inline         0             @cinit1

Program metrics:
    Functions               1
    Statements              22
    Comments                110
    Volume (V)              572
    Difficulty (D)          5.7
    Effort to implement (E) 3260
    Time to implement (T)   3 minutes
    Est Delivered Bugs (B)  0
    Cyclomatic Complexity   2
    Maintainability (MI)    62

 Segment     Used  Free
-----------  ----  ----
00000-00003     4  0  
00004-007FF   154  1890  
00800-00FFF     0  2048  
01000-017FF     0  2048  
01800-01FFF     0  2048  



